  Active.cpp
  Analiza.cpp
  Beer.cpp
  Boyfriend.cpp
  DiceRoll.cpp
DiceRoll.cpp(22): warning C4244: 'argument': conversion from 'time_t' to 'unsigned int', possible loss of data
  Dyskretna.cpp
  Elektro_egz.cpp
  Elektro_lab.cpp
  Exercise.cpp
  Field.cpp
  Fizyka.cpp
  GameLevel.cpp
  GameLevelFactory.cpp
  Gameplay.cpp
  GameplayManager.cpp
  GameState.cpp
  Idle.cpp
  KNIT.cpp
  Laptop.cpp
  main.cpp
  Compiling...
  Metodyka.cpp
  Met_progr_egz.cpp
  Met_progr_lab.cpp
  Move.cpp
Move.cpp(17): warning C4244: '=': conversion from 'int' to 'float', possible loss of data
Move.cpp(18): warning C4244: '=': conversion from 'double' to 'float', possible loss of data
Move.cpp(22): warning C4244: '=': conversion from 'int' to 'float', possible loss of data
Move.cpp(28): warning C4244: '=': conversion from 'int' to 'float', possible loss of data
Move.cpp(32): warning C4244: '=': conversion from 'int' to 'float', possible loss of data
Move.cpp(33): warning C4244: '=': conversion from 'int' to 'float', possible loss of data
  PEiTC_egz.cpp
  PEiTC_lab.cpp
  Player.cpp
  PlayerFSM.cpp
  Rajd.cpp
  SSPK.cpp
  ToSecondLvl.cpp
  WDP.cpp
  Weekend.cpp
  WF.cpp
  Zagadnienia.cpp
  Generating code
  41 of 494 functions ( 8.3%) were compiled, the rest were copied from previous compilation.
    28 functions were new in current compilation
    81 functions had inline decision re-evaluated but remain unchanged
  Finished generating code
  UML.vcxproj -> D:\POLITECHNIKA!\nauka\semestr 6\UML\GIT\uml.git\x64\Release\UML.exe
